\BOOKMARK [1][-]{section*.4}{\376\377\000I\000n\000t\000r\000o\000d\000u\000c\000c\000i\000\363\000\040\000i\000\040\000O\000b\000j\000e\000c\000t\000i\000u\000s}{}% 1
\BOOKMARK [1][-]{section*.5}{\376\377\000E\000s\000t\000a\000t\000\040\000d\000e\000\040\000l\000'\000a\000r\000t}{}% 2
\BOOKMARK [2][-]{subsection*.6}{\376\377\000R\000C\000A\000\040\000t\000r\000a\000d\000i\000c\000i\000o\000n\000a\000l\000\040\000i\000\040\000l\000i\000m\000i\000t\000a\000c\000i\000o\000n\000s\000\040\000e\000n\000\040\000e\000n\000t\000o\000r\000n\000s\000\040\000d\000a\000t\000a\000-\000r\000i\000c\000h}{section*.5}% 3
\BOOKMARK [2][-]{subsection*.7}{\376\377\000M\000a\000c\000h\000i\000n\000e\000\040\000L\000e\000a\000r\000n\000i\000n\000g\000\040\000i\000\040\000e\000x\000p\000l\000i\000c\000a\000b\000i\000l\000i\000t\000a\000t\000\040\000p\000e\000r\000\040\000a\000\040\000q\000u\000a\000l\000i\000t\000a\000t\000\040\000d\000e\000\040\000p\000r\000o\000c\000e\000s\000s\000o\000s}{section*.5}% 4
\BOOKMARK [2][-]{subsection*.8}{\376\377\000E\000x\000p\000l\000a\000i\000n\000a\000b\000l\000e\000\040\000B\000o\000o\000s\000t\000i\000n\000g\000\040\000M\000a\000c\000h\000i\000n\000e\000s\000:\000\040\000e\000s\000t\000a\000t\000\040\000a\000c\000t\000u\000a\000l}{section*.5}% 5
\BOOKMARK [2][-]{subsection*.9}{\376\377\000I\000n\000d\000u\000s\000t\000r\000i\000a\000l\000i\000t\000z\000a\000c\000i\000\363\000\040\000i\000\040\000v\000a\000l\000i\000d\000a\000c\000i\000\363\000\040\000e\000n\000\040\000e\000n\000t\000o\000r\000n\000s\000\040\000G\000x\000P}{section*.5}% 6
\BOOKMARK [1][-]{section*.10}{\376\377\000D\000a\000d\000e\000s}{}% 7
\BOOKMARK [2][-]{subsection*.11}{\376\377\000C\000o\000n\000t\000e\000x\000t\000\040\000d\000e\000l\000\040\000d\000a\000t\000a\000s\000e\000t}{section*.10}% 8
\BOOKMARK [2][-]{subsection*.12}{\376\377\000Q\000u\000a\000l\000i\000t\000a\000t\000\040\000d\000e\000\040\000d\000a\000d\000e\000s\000,\000\040\000n\000e\000t\000e\000j\000a\000\040\000i\000\040\000p\000r\000e\000p\000a\000r\000a\000c\000i\000\363}{section*.10}% 9
\BOOKMARK [2][-]{subsection*.13}{\376\377\000P\000a\000r\000t\000i\000c\000i\000\363\000\040\000t\000e\000m\000p\000o\000r\000a\000l\000\040\000i\000\040\000g\000o\000v\000e\000r\000n\000\040\000d\000e\000\040\000d\000a\000d\000e\000s}{section*.10}% 10
\BOOKMARK [1][-]{section*.14}{\376\377\000M\000e\000t\000o\000d\000o\000l\000o\000g\000i\000a}{}% 11
\BOOKMARK [2][-]{subsection*.15}{\376\377\000C\000a\000p\000a\000\040\000d\000'\000a\000n\000\340\000l\000i\000s\000i\000\040\000e\000x\000p\000l\000o\000r\000a\000t\000\362\000r\000i\000a}{section*.14}% 12
\BOOKMARK [2][-]{subsection*.16}{\376\377\000C\000a\000p\000a\000\040\000d\000e\000\040\000m\000o\000d\000e\000l\000i\000t\000z\000a\000c\000i\000\363\000\040\000d\000e\000\040\000M\000L}{section*.14}% 13
\BOOKMARK [3][-]{subsubsection*.20}{\376\377\000M\000o\000d\000e\000l\000\040\000d\000e\000\040\000l\000\355\000n\000i\000a\000\040\000b\000a\000s\000e\000:\000\040\000L\000a\000s\000s\000o}{subsection*.16}% 14
\BOOKMARK [2][-]{subsection*.21}{\376\377\000E\000s\000t\000r\000a\000t\000\350\000g\000i\000a\000\040\000f\000i\000l\000t\000e\000r\000-\000t\000h\000e\000n\000-\000i\000n\000t\000e\000r\000a\000c\000t\000\040\000a\000m\000b\000\040\000E\000B\000M}{section*.14}% 15
\BOOKMARK [3][-]{subsubsection*.22}{\376\377\000F\000a\000s\000e\000\040\0001\000:\000\040\000I\000d\000e\000n\000t\000i\000f\000i\000c\000a\000c\000i\000\363\000\040\000d\000'\000e\000f\000e\000c\000t\000e\000s\000\040\000p\000r\000i\000n\000c\000i\000p\000a\000l\000s}{subsection*.21}% 16
\BOOKMARK [3][-]{subsubsection*.24}{\376\377\000F\000a\000s\000e\000\040\0002\000:\000\040\000F\000i\000l\000t\000r\000a\000t\000\040\000i\000\040\000r\000e\000d\000u\000c\000c\000i\000\363\000\040\000d\000e\000\040\000d\000i\000m\000e\000n\000s\000i\000o\000n\000a\000l\000i\000t\000a\000t}{subsection*.21}% 17
\BOOKMARK [3][-]{subsubsection*.26}{\376\377\000F\000a\000s\000e\000\040\0003\000:\000\040\000C\000a\000p\000t\000u\000r\000a\000\040\000c\000o\000n\000t\000r\000o\000l\000a\000d\000a\000\040\000d\000'\000i\000n\000t\000e\000r\000a\000c\000c\000i\000o\000n\000s}{subsection*.21}% 18
\BOOKMARK [3][-]{subsubsection*.28}{\376\377\000D\000e\000n\000s\000i\000t\000a\000t\000\040\000d\000e\000\040\000d\000a\000d\000e\000s\000\040\000i\000\040\000c\000o\000n\000t\000r\000o\000l\000\040\000d\000e\000\040\000c\000o\000m\000p\000l\000e\000x\000i\000t\000a\000t}{subsection*.21}% 19
\BOOKMARK [2][-]{subsection*.29}{\376\377\000C\000a\000p\000a\000\040\000d\000'\000e\000x\000p\000l\000i\000c\000a\000b\000i\000l\000i\000t\000a\000t\000\040\000i\000\040\000R\000o\000o\000t\000\040\000C\000a\000u\000s\000e\000\040\000A\000n\000a\000l\000y\000s\000i\000s}{section*.14}% 20
\BOOKMARK [2][-]{subsection*.30}{\376\377\000C\000a\000p\000a\000\040\000d\000e\000\040\000v\000a\000l\000i\000d\000a\000c\000i\000\363\000\040\000i\000\040\000i\000n\000d\000u\000s\000t\000r\000i\000a\000l\000i\000t\000z\000a\000c\000i\000\363}{section*.14}% 21
\BOOKMARK [3][-]{subsubsection*.31}{\376\377\000V\000a\000l\000i\000d\000a\000c\000i\000\363\000\040\000d\000'\000h\000i\000p\000e\000r\000p\000a\000r\000\340\000m\000e\000t\000r\000e\000s\000\040\000i\000\040\000r\000o\000b\000u\000s\000t\000e\000s\000a\000\040\000f\000i\000n\000a\000l}{subsection*.30}% 22
\BOOKMARK [3][-]{subsubsection*.32}{\376\377\000P\000r\000e\000p\000a\000r\000a\000c\000i\000\363\000\040\000p\000e\000r\000\040\000a\000\040\000l\000a\000\040\000i\000n\000d\000u\000s\000t\000r\000i\000a\000l\000i\000t\000z\000a\000c\000i\000\363}{subsection*.30}% 23
\BOOKMARK [3][-]{subsubsection*.33}{\376\377\000M\000a\000r\000c\000\040\000d\000e\000\040\000v\000a\000l\000i\000d\000a\000c\000i\000\363\000\040\000G\000x\000P\000\040\000i\000\040\000p\000o\000s\000i\000c\000i\000o\000n\000a\000m\000e\000n\000t\000\040\000d\000e\000l\000\040\000m\000o\000d\000e\000l}{subsection*.30}% 24
\BOOKMARK [1][-]{section*.35}{\376\377\000R\000e\000s\000u\000l\000t\000a\000t\000s\000\040\000i\000\040\000D\000i\000s\000c\000u\000s\000s\000i\000\363}{}% 25
\BOOKMARK [2][-]{subsection*.36}{\376\377\000C\000o\000n\000f\000i\000g\000u\000r\000a\000c\000i\000\363\000\040\000e\000x\000p\000e\000r\000i\000m\000e\000n\000t\000a\000l}{section*.35}% 26
\BOOKMARK [2][-]{subsection*.37}{\376\377\000R\000e\000s\000u\000l\000t\000a\000t\000s\000\040\000q\000u\000a\000n\000t\000i\000t\000a\000t\000i\000u\000s\000\040\000i\000\040\000m\000i\000l\000l\000o\000r\000a\000\040\000p\000r\000o\000g\000r\000e\000s\000s\000i\000v\000a}{section*.35}% 27
\BOOKMARK [2][-]{subsection*.39}{\376\377\000C\000o\000m\000p\000a\000r\000a\000c\000i\000\363\000\040\000d\000e\000\040\000c\000o\000n\000f\000i\000g\000u\000r\000a\000c\000i\000o\000n\000s\000\040\000e\000n\000\040\000F\000a\000s\000e\000\040\0004}{section*.35}% 28
\BOOKMARK [2][-]{subsection*.41}{\376\377\000C\000o\000m\000p\000a\000r\000a\000c\000i\000\363\000\040\000a\000m\000b\000\040\000m\000o\000d\000e\000l\000s\000\040\000a\000l\000t\000e\000r\000n\000a\000t\000i\000u\000s}{section*.35}% 29
\BOOKMARK [2][-]{subsection*.45}{\376\377\000V\000i\000a\000b\000i\000l\000i\000t\000a\000t\000\040\000c\000o\000m\000p\000u\000t\000a\000c\000i\000o\000n\000a\000l\000\040\000p\000e\000r\000\040\000a\000\040\000i\000n\000d\000u\000s\000t\000r\000i\000a\000l\000i\000t\000z\000a\000c\000i\000\363}{section*.35}% 30
\BOOKMARK [2][-]{subsection*.48}{\376\377\000M\000o\000n\000i\000t\000o\000r\000a\000t\000g\000e\000\040\000r\000e\000t\000r\000o\000s\000p\000e\000c\000t\000i\000u\000\040\000d\000e\000\040\000d\000r\000i\000f\000t}{section*.35}% 31
\BOOKMARK [2][-]{subsection*.50}{\376\377\000I\000n\000t\000e\000r\000p\000r\000e\000t\000a\000c\000i\000\363\000\040\000d\000e\000l\000s\000\040\000r\000e\000s\000u\000l\000t\000a\000t\000s\000\040\000i\000\040\000u\000t\000i\000l\000i\000t\000a\000t\000\040\000p\000e\000r\000\040\000a\000\040\000R\000C\000A}{section*.35}% 32
\BOOKMARK [3][-]{subsubsection*.51}{\376\377\000A\000v\000a\000n\000t\000a\000t\000g\000e\000\040\000d\000e\000\040\000l\000a\000\040\000i\000n\000t\000e\000r\000p\000r\000e\000t\000a\000b\000i\000l\000i\000t\000a\000t\000\040\000n\000a\000t\000i\000v\000a\000:\000\040\000s\000h\000a\000p\000e\000\040\000f\000u\000n\000c\000t\000i\000o\000n\000s\000\040\000v\000s\000\040\000S\000H\000A\000P}{subsection*.50}% 33
\BOOKMARK [3][-]{subsubsection*.56}{\376\377\000I\000m\000p\000a\000c\000t\000e\000\040\000o\000p\000e\000r\000a\000t\000i\000u\000\040\000i\000\040\000e\000c\000o\000n\000\362\000m\000i\000c\000\040\000d\000e\000l\000\040\000m\000o\000d\000e\000l}{subsection*.50}% 34
\BOOKMARK [2][-]{subsection*.61}{\376\377\000C\000o\000m\000p\000a\000r\000a\000c\000i\000\363\000\040\000a\000m\000b\000\040\000R\000C\000A\000\040\000t\000r\000a\000d\000i\000c\000i\000o\000n\000a\000l\000\040\000i\000\040\000l\000i\000m\000i\000t\000a\000c\000i\000o\000n\000s}{section*.35}% 35
\BOOKMARK [1][-]{section*.62}{\376\377\000C\000o\000n\000c\000l\000u\000s\000i\000o\000n\000s\000\040\000i\000\040\000T\000r\000e\000b\000a\000l\000l\000\040\000F\000u\000t\000u\000r}{}% 36
